<?xml version="1.0" encoding="UTF-8"?>
<!-- Generated by org.testng.reporters.JUnitReportReporter -->
<testsuite hostname="tkarunan-mac02.local" name="tamil.selenium.maven.Basicactioncmds" tests="1" failures="0" timestamp="16 Dec 2014 20:52:47 GMT" time="2.234" errors="0">
  <testcase name="k4s" time="2.234" classname="tamil.selenium.maven.Basicactioncmds"/>
</testsuite> <!-- tamil.selenium.maven.Basicactioncmds -->
