<?xml version="1.0" encoding="UTF-8"?>
<!-- Generated by org.testng.reporters.JUnitReportReporter -->
<testsuite hostname="tkarunan-mac02.local" name="tamil.selenium.maven.Basicactioncmds" tests="1" failures="0" timestamp="17 Dec 2014 23:10:56 GMT" time="4.520" errors="0">
  <testcase name="k4s" time="4.520" classname="tamil.selenium.maven.Basicactioncmds"/>
</testsuite> <!-- tamil.selenium.maven.Basicactioncmds -->
