<?xml version="1.0" encoding="UTF-8"?>
<!-- Generated by org.testng.reporters.JUnitReportReporter -->
<testsuite hostname="tkarunan-mac02.sc.intel.com" name="tamil.selenium.maven.Basicactioncmds" tests="1" failures="0" timestamp="17 Dec 2014 00:49:00 GMT" time="7.610" errors="0">
  <testcase name="k4s" time="7.610" classname="tamil.selenium.maven.Basicactioncmds"/>
</testsuite> <!-- tamil.selenium.maven.Basicactioncmds -->
