<?xml version="1.0" encoding="UTF-8"?>
<!-- Generated by org.testng.reporters.JUnitReportReporter -->
<testsuite hostname="tkarunan-mac02.local" name="tamil.selenium.maven.Basicactioncmds" tests="1" failures="0" timestamp="30 Dec 2014 20:51:30 GMT" time="5.282" errors="0">
  <testcase name="AdminUser" time="5.282" classname="tamil.selenium.maven.Basicactioncmds"/>
</testsuite> <!-- tamil.selenium.maven.Basicactioncmds -->
