<?xml version="1.0" encoding="UTF-8"?>
<!-- Generated by org.testng.reporters.JUnitReportReporter -->
<testsuite hostname="tkarunan-mac02.local" name="tamil.selenium.maven.ByClassName" tests="1" failures="0" timestamp="14 Dec 2014 00:41:47 GMT" time="22.566" errors="0">
  <testcase name="test" time="22.566" classname="tamil.selenium.maven.ByClassName"/>
</testsuite> <!-- tamil.selenium.maven.ByClassName -->
