<?xml version="1.0" encoding="UTF-8"?>
<!-- Generated by org.testng.reporters.JUnitReportReporter -->
<testsuite hostname="pakumara-mobl1.amr.corp.intel.com" name="tamil.selenium.maven.Basicactioncmds" tests="1" failures="0" timestamp="23 Dec 2014 23:06:06 GMT" time="12.676" errors="0">
  <testcase name="k4s" time="12.676" classname="tamil.selenium.maven.Basicactioncmds"/>
</testsuite> <!-- tamil.selenium.maven.Basicactioncmds -->
